Determining if the pthread_create exist failed with the following output:
Change Dir: /home/jaycho/catkin_realsense/build/CMakeFiles/CMakeTmp

Run Build Command:"/usr/bin/make" "cmTC_6abee/fast"
/usr/bin/make -f CMakeFiles/cmTC_6abee.dir/build.make CMakeFiles/cmTC_6abee.dir/build
make[1]: Entering directory '/home/jaycho/catkin_realsense/build/CMakeFiles/CMakeTmp'
Building C object CMakeFiles/cmTC_6abee.dir/CheckSymbolExists.c.o
/usr/bin/cc    -o CMakeFiles/cmTC_6abee.dir/CheckSymbolExists.c.o   -c /home/jaycho/catkin_realsense/build/CMakeFiles/CMakeTmp/CheckSymbolExists.c
Linking C executable cmTC_6abee
/usr/bin/cmake -E cmake_link_script CMakeFiles/cmTC_6abee.dir/link.txt --verbose=1
/usr/bin/cc      -rdynamic CMakeFiles/cmTC_6abee.dir/CheckSymbolExists.c.o  -o cmTC_6abee 
CMakeFiles/cmTC_6abee.dir/CheckSymbolExists.c.o: In function `main':
CheckSymbolExists.c:(.text+0x1b): undefined reference to `pthread_create'
collect2: error: ld returned 1 exit status
CMakeFiles/cmTC_6abee.dir/build.make:97: recipe for target 'cmTC_6abee' failed
make[1]: *** [cmTC_6abee] Error 1
make[1]: Leaving directory '/home/jaycho/catkin_realsense/build/CMakeFiles/CMakeTmp'
Makefile:126: recipe for target 'cmTC_6abee/fast' failed
make: *** [cmTC_6abee/fast] Error 2

File /home/jaycho/catkin_realsense/build/CMakeFiles/CMakeTmp/CheckSymbolExists.c:
/* */
#include <pthread.h>

int main(int argc, char** argv)
{
  (void)argv;
#ifndef pthread_create
  return ((int*)(&pthread_create))[argc];
#else
  (void)argc;
  return 0;
#endif
}

Determining if the function pthread_create exists in the pthreads failed with the following output:
Change Dir: /home/jaycho/catkin_realsense/build/CMakeFiles/CMakeTmp

Run Build Command:"/usr/bin/make" "cmTC_635a6/fast"
/usr/bin/make -f CMakeFiles/cmTC_635a6.dir/build.make CMakeFiles/cmTC_635a6.dir/build
make[1]: Entering directory '/home/jaycho/catkin_realsense/build/CMakeFiles/CMakeTmp'
Building C object CMakeFiles/cmTC_635a6.dir/CheckFunctionExists.c.o
/usr/bin/cc   -DCHECK_FUNCTION_EXISTS=pthread_create   -o CMakeFiles/cmTC_635a6.dir/CheckFunctionExists.c.o   -c /usr/share/cmake-3.10/Modules/CheckFunctionExists.c
Linking C executable cmTC_635a6
/usr/bin/cmake -E cmake_link_script CMakeFiles/cmTC_635a6.dir/link.txt --verbose=1
/usr/bin/cc  -DCHECK_FUNCTION_EXISTS=pthread_create    -rdynamic CMakeFiles/cmTC_635a6.dir/CheckFunctionExists.c.o  -o cmTC_635a6 -lpthreads 
/usr/bin/ld: cannot find -lpthreads
collect2: error: ld returned 1 exit status
CMakeFiles/cmTC_635a6.dir/build.make:97: recipe for target 'cmTC_635a6' failed
make[1]: *** [cmTC_635a6] Error 1
make[1]: Leaving directory '/home/jaycho/catkin_realsense/build/CMakeFiles/CMakeTmp'
Makefile:126: recipe for target 'cmTC_635a6/fast' failed
make: *** [cmTC_635a6/fast] Error 2


